This file contains any messages produced by compilers while
running configure, to aid debugging if configure makes a mistake.

It was created by misaka configure 0.1, which was
generated by GNU Autoconf 2.69.  Invocation command line was

  $ ./configure 

## --------- ##
## Platform. ##
## --------- ##

hostname = VM-214-119-ubuntu
uname -m = i686
uname -r = 3.13.0-36-generic
uname -s = Linux
uname -v = #63-Ubuntu SMP Wed Sep 3 21:30:45 UTC 2014

/usr/bin/uname -p = unknown
/bin/uname -X     = unknown

/bin/arch              = unknown
/usr/bin/arch -k       = unknown
/usr/convex/getsysinfo = unknown
/usr/bin/hostinfo      = unknown
/bin/machine           = unknown
/usr/bin/oslevel       = unknown
/bin/universe          = unknown

PATH: /usr/local/sbin
PATH: /usr/local/bin
PATH: /usr/sbin
PATH: /usr/bin
PATH: /sbin
PATH: /bin
PATH: /usr/games
PATH: /usr/local/games


## ----------- ##
## Core tests. ##
## ----------- ##

configure:2243: checking for a BSD-compatible install
configure:2311: result: /usr/bin/install -c
configure:2322: checking whether build environment is sane
configure:2377: result: yes
configure:2528: checking for a thread-safe mkdir -p
configure:2567: result: /bin/mkdir -p
configure:2574: checking for gawk
configure:2590: found /usr/bin/gawk
configure:2601: result: gawk
configure:2612: checking whether make sets $(MAKE)
configure:2634: result: yes
configure:2663: checking whether make supports nested variables
configure:2680: result: yes
configure:2848: checking for ranlib
configure:2864: found /usr/bin/ranlib
configure:2875: result: ranlib
configure:2950: checking for gcc
configure:2966: found /usr/bin/gcc
configure:2977: result: gcc
configure:3206: checking for C compiler version
configure:3215: gcc --version >&5
gcc (Ubuntu 4.8.4-2ubuntu1~14.04.1) 4.8.4
Copyright (C) 2013 Free Software Foundation, Inc.
This is free software; see the source for copying conditions.  There is NO
warranty; not even for MERCHANTABILITY or FITNESS FOR A PARTICULAR PURPOSE.

configure:3226: $? = 0
configure:3215: gcc -v >&5
Using built-in specs.
COLLECT_GCC=gcc
COLLECT_LTO_WRAPPER=/usr/lib/gcc/i686-linux-gnu/4.8/lto-wrapper
Target: i686-linux-gnu
Configured with: ../src/configure -v --with-pkgversion='Ubuntu 4.8.4-2ubuntu1~14.04.1' --with-bugurl=file:///usr/share/doc/gcc-4.8/README.Bugs --enable-languages=c,c++,java,go,d,fortran,objc,obj-c++ --prefix=/usr --program-suffix=-4.8 --enable-shared --enable-linker-build-id --libexecdir=/usr/lib --without-included-gettext --enable-threads=posix --with-gxx-include-dir=/usr/include/c++/4.8 --libdir=/usr/lib --enable-nls --with-sysroot=/ --enable-clocale=gnu --enable-libstdcxx-debug --enable-libstdcxx-time=yes --enable-gnu-unique-object --disable-libmudflap --enable-plugin --with-system-zlib --disable-browser-plugin --enable-java-awt=gtk --enable-gtk-cairo --with-java-home=/usr/lib/jvm/java-1.5.0-gcj-4.8-i386/jre --enable-java-home --with-jvm-root-dir=/usr/lib/jvm/java-1.5.0-gcj-4.8-i386 --with-jvm-jar-dir=/usr/lib/jvm-exports/java-1.5.0-gcj-4.8-i386 --with-arch-directory=i386 --with-ecj-jar=/usr/share/java/eclipse-ecj.jar --enable-objc-gc --enable-targets=all --enable-multiarch --disable-werror --with-arch-32=i686 --with-multilib-list=m32,m64,mx32 --with-tune=generic --enable-checking=release --build=i686-linux-gnu --host=i686-linux-gnu --target=i686-linux-gnu
Thread model: posix
gcc version 4.8.4 (Ubuntu 4.8.4-2ubuntu1~14.04.1) 
configure:3226: $? = 0
configure:3215: gcc -V >&5
gcc: error: unrecognized command line option '-V'
gcc: fatal error: no input files
compilation terminated.
configure:3226: $? = 4
configure:3215: gcc -qversion >&5
gcc: error: unrecognized command line option '-qversion'
gcc: fatal error: no input files
compilation terminated.
configure:3226: $? = 4
configure:3246: checking whether the C compiler works
configure:3268: gcc    conftest.c  >&5
configure:3272: $? = 0
configure:3320: result: yes
configure:3323: checking for C compiler default output file name
configure:3325: result: a.out
configure:3331: checking for suffix of executables
configure:3338: gcc -o conftest    conftest.c  >&5
configure:3342: $? = 0
configure:3364: result: 
configure:3386: checking whether we are cross compiling
configure:3394: gcc -o conftest    conftest.c  >&5
configure:3398: $? = 0
configure:3405: ./conftest
configure:3409: $? = 0
configure:3424: result: no
configure:3429: checking for suffix of object files
configure:3451: gcc -c   conftest.c >&5
configure:3455: $? = 0
configure:3476: result: o
configure:3480: checking whether we are using the GNU C compiler
configure:3499: gcc -c   conftest.c >&5
configure:3499: $? = 0
configure:3508: result: yes
configure:3517: checking whether gcc accepts -g
configure:3537: gcc -c -g  conftest.c >&5
configure:3537: $? = 0
configure:3578: result: yes
configure:3595: checking for gcc option to accept ISO C89
configure:3658: gcc  -c -g -O2  conftest.c >&5
configure:3658: $? = 0
configure:3671: result: none needed
configure:3696: checking whether gcc understands -c and -o together
configure:3718: gcc -c conftest.c -o conftest2.o
configure:3721: $? = 0
configure:3718: gcc -c conftest.c -o conftest2.o
configure:3721: $? = 0
configure:3733: result: yes
configure:3761: checking for style of include used by make
configure:3789: result: GNU
configure:3815: checking dependency style of gcc
configure:3926: result: gcc3
configure:3945: checking for main in -lev
configure:3964: gcc -o conftest -g -O2   conftest.c -lev   >&5
configure:3964: $? = 0
configure:3973: result: yes
configure:3985: checking for main in -lm
configure:4004: gcc -o conftest -g -O2   conftest.c -lm  -lev  >&5
configure:4004: $? = 0
configure:4013: result: yes
configure:4025: checking for main in -lpthread
configure:4044: gcc -o conftest -g -O2   conftest.c -lpthread  -lm -lev  >&5
configure:4044: $? = 0
configure:4053: result: yes
configure:4071: checking how to run the C preprocessor
configure:4102: gcc -E  conftest.c
configure:4102: $? = 0
configure:4116: gcc -E  conftest.c
conftest.c:14:28: fatal error: ac_nonexistent.h: No such file or directory
 #include <ac_nonexistent.h>
                            ^
compilation terminated.
configure:4116: $? = 1
configure: failed program was:
| /* confdefs.h */
| #define PACKAGE_NAME "misaka"
| #define PACKAGE_TARNAME "misaka"
| #define PACKAGE_VERSION "0.1"
| #define PACKAGE_STRING "misaka 0.1"
| #define PACKAGE_BUGREPORT "www.lancelot.top"
| #define PACKAGE_URL ""
| #define PACKAGE "misaka"
| #define VERSION "0.1"
| #define HAVE_LIBEV 1
| #define HAVE_LIBM 1
| #define HAVE_LIBPTHREAD 1
| /* end confdefs.h.  */
| #include <ac_nonexistent.h>
configure:4141: result: gcc -E
configure:4161: gcc -E  conftest.c
configure:4161: $? = 0
configure:4175: gcc -E  conftest.c
conftest.c:14:28: fatal error: ac_nonexistent.h: No such file or directory
 #include <ac_nonexistent.h>
                            ^
compilation terminated.
configure:4175: $? = 1
configure: failed program was:
| /* confdefs.h */
| #define PACKAGE_NAME "misaka"
| #define PACKAGE_TARNAME "misaka"
| #define PACKAGE_VERSION "0.1"
| #define PACKAGE_STRING "misaka 0.1"
| #define PACKAGE_BUGREPORT "www.lancelot.top"
| #define PACKAGE_URL ""
| #define PACKAGE "misaka"
| #define VERSION "0.1"
| #define HAVE_LIBEV 1
| #define HAVE_LIBM 1
| #define HAVE_LIBPTHREAD 1
| /* end confdefs.h.  */
| #include <ac_nonexistent.h>
configure:4204: checking for grep that handles long lines and -e
configure:4262: result: /bin/grep
configure:4267: checking for egrep
configure:4329: result: /bin/grep -E
configure:4334: checking for ANSI C header files
configure:4354: gcc -c -g -O2  conftest.c >&5
configure:4354: $? = 0
configure:4427: gcc -o conftest -g -O2   conftest.c -lpthread -lm -lev  >&5
configure:4427: $? = 0
configure:4427: ./conftest
configure:4427: $? = 0
configure:4438: result: yes
configure:4451: checking for sys/types.h
configure:4451: gcc -c -g -O2  conftest.c >&5
configure:4451: $? = 0
configure:4451: result: yes
configure:4451: checking for sys/stat.h
configure:4451: gcc -c -g -O2  conftest.c >&5
configure:4451: $? = 0
configure:4451: result: yes
configure:4451: checking for stdlib.h
configure:4451: gcc -c -g -O2  conftest.c >&5
configure:4451: $? = 0
configure:4451: result: yes
configure:4451: checking for string.h
configure:4451: gcc -c -g -O2  conftest.c >&5
configure:4451: $? = 0
configure:4451: result: yes
configure:4451: checking for memory.h
configure:4451: gcc -c -g -O2  conftest.c >&5
configure:4451: $? = 0
configure:4451: result: yes
configure:4451: checking for strings.h
configure:4451: gcc -c -g -O2  conftest.c >&5
configure:4451: $? = 0
configure:4451: result: yes
configure:4451: checking for inttypes.h
configure:4451: gcc -c -g -O2  conftest.c >&5
configure:4451: $? = 0
configure:4451: result: yes
configure:4451: checking for stdint.h
configure:4451: gcc -c -g -O2  conftest.c >&5
configure:4451: $? = 0
configure:4451: result: yes
configure:4451: checking for unistd.h
configure:4451: gcc -c -g -O2  conftest.c >&5
configure:4451: $? = 0
configure:4451: result: yes
configure:4466: checking arpa/inet.h usability
configure:4466: gcc -c -g -O2  conftest.c >&5
configure:4466: $? = 0
configure:4466: result: yes
configure:4466: checking arpa/inet.h presence
configure:4466: gcc -E  conftest.c
configure:4466: $? = 0
configure:4466: result: yes
configure:4466: checking for arpa/inet.h
configure:4466: result: yes
configure:4466: checking fcntl.h usability
configure:4466: gcc -c -g -O2  conftest.c >&5
configure:4466: $? = 0
configure:4466: result: yes
configure:4466: checking fcntl.h presence
configure:4466: gcc -E  conftest.c
configure:4466: $? = 0
configure:4466: result: yes
configure:4466: checking for fcntl.h
configure:4466: result: yes
configure:4466: checking for inttypes.h
configure:4466: result: yes
configure:4466: checking limits.h usability
configure:4466: gcc -c -g -O2  conftest.c >&5
configure:4466: $? = 0
configure:4466: result: yes
configure:4466: checking limits.h presence
configure:4466: gcc -E  conftest.c
configure:4466: $? = 0
configure:4466: result: yes
configure:4466: checking for limits.h
configure:4466: result: yes
configure:4466: checking netdb.h usability
configure:4466: gcc -c -g -O2  conftest.c >&5
configure:4466: $? = 0
configure:4466: result: yes
configure:4466: checking netdb.h presence
configure:4466: gcc -E  conftest.c
configure:4466: $? = 0
configure:4466: result: yes
configure:4466: checking for netdb.h
configure:4466: result: yes
configure:4466: checking netinet/in.h usability
configure:4466: gcc -c -g -O2  conftest.c >&5
configure:4466: $? = 0
configure:4466: result: yes
configure:4466: checking netinet/in.h presence
configure:4466: gcc -E  conftest.c
configure:4466: $? = 0
configure:4466: result: yes
configure:4466: checking for netinet/in.h
configure:4466: result: yes
configure:4466: checking paths.h usability
configure:4466: gcc -c -g -O2  conftest.c >&5
configure:4466: $? = 0
configure:4466: result: yes
configure:4466: checking paths.h presence
configure:4466: gcc -E  conftest.c
configure:4466: $? = 0
configure:4466: result: yes
configure:4466: checking for paths.h
configure:4466: result: yes
configure:4466: checking stddef.h usability
configure:4466: gcc -c -g -O2  conftest.c >&5
configure:4466: $? = 0
configure:4466: result: yes
configure:4466: checking stddef.h presence
configure:4466: gcc -E  conftest.c
configure:4466: $? = 0
configure:4466: result: yes
configure:4466: checking for stddef.h
configure:4466: result: yes
configure:4466: checking for stdint.h
configure:4466: result: yes
configure:4466: checking for stdlib.h
configure:4466: result: yes
configure:4466: checking for string.h
configure:4466: result: yes
configure:4466: checking for strings.h
configure:4466: result: yes
configure:4466: checking sys/ioctl.h usability
configure:4466: gcc -c -g -O2  conftest.c >&5
configure:4466: $? = 0
configure:4466: result: yes
configure:4466: checking sys/ioctl.h presence
configure:4466: gcc -E  conftest.c
configure:4466: $? = 0
configure:4466: result: yes
configure:4466: checking for sys/ioctl.h
configure:4466: result: yes
configure:4466: checking sys/mount.h usability
configure:4466: gcc -c -g -O2  conftest.c >&5
configure:4466: $? = 0
configure:4466: result: yes
configure:4466: checking sys/mount.h presence
configure:4466: gcc -E  conftest.c
configure:4466: $? = 0
configure:4466: result: yes
configure:4466: checking for sys/mount.h
configure:4466: result: yes
configure:4466: checking sys/param.h usability
configure:4466: gcc -c -g -O2  conftest.c >&5
configure:4466: $? = 0
configure:4466: result: yes
configure:4466: checking sys/param.h presence
configure:4466: gcc -E  conftest.c
configure:4466: $? = 0
configure:4466: result: yes
configure:4466: checking for sys/param.h
configure:4466: result: yes
configure:4466: checking sys/socket.h usability
configure:4466: gcc -c -g -O2  conftest.c >&5
configure:4466: $? = 0
configure:4466: result: yes
configure:4466: checking sys/socket.h presence
configure:4466: gcc -E  conftest.c
configure:4466: $? = 0
configure:4466: result: yes
configure:4466: checking for sys/socket.h
configure:4466: result: yes
configure:4466: checking sys/time.h usability
configure:4466: gcc -c -g -O2  conftest.c >&5
configure:4466: $? = 0
configure:4466: result: yes
configure:4466: checking sys/time.h presence
configure:4466: gcc -E  conftest.c
configure:4466: $? = 0
configure:4466: result: yes
configure:4466: checking for sys/time.h
configure:4466: result: yes
configure:4466: checking syslog.h usability
configure:4466: gcc -c -g -O2  conftest.c >&5
configure:4466: $? = 0
configure:4466: result: yes
configure:4466: checking syslog.h presence
configure:4466: gcc -E  conftest.c
configure:4466: $? = 0
configure:4466: result: yes
configure:4466: checking for syslog.h
configure:4466: result: yes
configure:4466: checking termios.h usability
configure:4466: gcc -c -g -O2  conftest.c >&5
configure:4466: $? = 0
configure:4466: result: yes
configure:4466: checking termios.h presence
configure:4466: gcc -E  conftest.c
configure:4466: $? = 0
configure:4466: result: yes
configure:4466: checking for termios.h
configure:4466: result: yes
configure:4466: checking for unistd.h
configure:4466: result: yes
configure:4478: checking for inline
configure:4494: gcc -c -g -O2  conftest.c >&5
configure:4494: $? = 0
configure:4502: result: inline
configure:4520: checking for pid_t
configure:4520: gcc -c -g -O2  conftest.c >&5
configure:4520: $? = 0
configure:4520: gcc -c -g -O2  conftest.c >&5
conftest.c: In function 'main':
conftest.c:80:20: error: expected expression before ')' token
 if (sizeof ((pid_t)))
                    ^
configure:4520: $? = 1
configure: failed program was:
| /* confdefs.h */
| #define PACKAGE_NAME "misaka"
| #define PACKAGE_TARNAME "misaka"
| #define PACKAGE_VERSION "0.1"
| #define PACKAGE_STRING "misaka 0.1"
| #define PACKAGE_BUGREPORT "www.lancelot.top"
| #define PACKAGE_URL ""
| #define PACKAGE "misaka"
| #define VERSION "0.1"
| #define HAVE_LIBEV 1
| #define HAVE_LIBM 1
| #define HAVE_LIBPTHREAD 1
| #define STDC_HEADERS 1
| #define HAVE_SYS_TYPES_H 1
| #define HAVE_SYS_STAT_H 1
| #define HAVE_STDLIB_H 1
| #define HAVE_STRING_H 1
| #define HAVE_MEMORY_H 1
| #define HAVE_STRINGS_H 1
| #define HAVE_INTTYPES_H 1
| #define HAVE_STDINT_H 1
| #define HAVE_UNISTD_H 1
| #define HAVE_ARPA_INET_H 1
| #define HAVE_FCNTL_H 1
| #define HAVE_INTTYPES_H 1
| #define HAVE_LIMITS_H 1
| #define HAVE_NETDB_H 1
| #define HAVE_NETINET_IN_H 1
| #define HAVE_PATHS_H 1
| #define HAVE_STDDEF_H 1
| #define HAVE_STDINT_H 1
| #define HAVE_STDLIB_H 1
| #define HAVE_STRING_H 1
| #define HAVE_STRINGS_H 1
| #define HAVE_SYS_IOCTL_H 1
| #define HAVE_SYS_MOUNT_H 1
| #define HAVE_SYS_PARAM_H 1
| #define HAVE_SYS_SOCKET_H 1
| #define HAVE_SYS_TIME_H 1
| #define HAVE_SYSLOG_H 1
| #define HAVE_TERMIOS_H 1
| #define HAVE_UNISTD_H 1
| /* end confdefs.h.  */
| #include <stdio.h>
| #ifdef HAVE_SYS_TYPES_H
| # include <sys/types.h>
| #endif
| #ifdef HAVE_SYS_STAT_H
| # include <sys/stat.h>
| #endif
| #ifdef STDC_HEADERS
| # include <stdlib.h>
| # include <stddef.h>
| #else
| # ifdef HAVE_STDLIB_H
| #  include <stdlib.h>
| # endif
| #endif
| #ifdef HAVE_STRING_H
| # if !defined STDC_HEADERS && defined HAVE_MEMORY_H
| #  include <memory.h>
| # endif
| # include <string.h>
| #endif
| #ifdef HAVE_STRINGS_H
| # include <strings.h>
| #endif
| #ifdef HAVE_INTTYPES_H
| # include <inttypes.h>
| #endif
| #ifdef HAVE_STDINT_H
| # include <stdint.h>
| #endif
| #ifdef HAVE_UNISTD_H
| # include <unistd.h>
| #endif
| int
| main ()
| {
| if (sizeof ((pid_t)))
| 	    return 0;
|   ;
|   return 0;
| }
configure:4520: result: yes
configure:4531: checking for size_t
configure:4531: gcc -c -g -O2  conftest.c >&5
configure:4531: $? = 0
configure:4531: gcc -c -g -O2  conftest.c >&5
conftest.c: In function 'main':
conftest.c:80:21: error: expected expression before ')' token
 if (sizeof ((size_t)))
                     ^
configure:4531: $? = 1
configure: failed program was:
| /* confdefs.h */
| #define PACKAGE_NAME "misaka"
| #define PACKAGE_TARNAME "misaka"
| #define PACKAGE_VERSION "0.1"
| #define PACKAGE_STRING "misaka 0.1"
| #define PACKAGE_BUGREPORT "www.lancelot.top"
| #define PACKAGE_URL ""
| #define PACKAGE "misaka"
| #define VERSION "0.1"
| #define HAVE_LIBEV 1
| #define HAVE_LIBM 1
| #define HAVE_LIBPTHREAD 1
| #define STDC_HEADERS 1
| #define HAVE_SYS_TYPES_H 1
| #define HAVE_SYS_STAT_H 1
| #define HAVE_STDLIB_H 1
| #define HAVE_STRING_H 1
| #define HAVE_MEMORY_H 1
| #define HAVE_STRINGS_H 1
| #define HAVE_INTTYPES_H 1
| #define HAVE_STDINT_H 1
| #define HAVE_UNISTD_H 1
| #define HAVE_ARPA_INET_H 1
| #define HAVE_FCNTL_H 1
| #define HAVE_INTTYPES_H 1
| #define HAVE_LIMITS_H 1
| #define HAVE_NETDB_H 1
| #define HAVE_NETINET_IN_H 1
| #define HAVE_PATHS_H 1
| #define HAVE_STDDEF_H 1
| #define HAVE_STDINT_H 1
| #define HAVE_STDLIB_H 1
| #define HAVE_STRING_H 1
| #define HAVE_STRINGS_H 1
| #define HAVE_SYS_IOCTL_H 1
| #define HAVE_SYS_MOUNT_H 1
| #define HAVE_SYS_PARAM_H 1
| #define HAVE_SYS_SOCKET_H 1
| #define HAVE_SYS_TIME_H 1
| #define HAVE_SYSLOG_H 1
| #define HAVE_TERMIOS_H 1
| #define HAVE_UNISTD_H 1
| /* end confdefs.h.  */
| #include <stdio.h>
| #ifdef HAVE_SYS_TYPES_H
| # include <sys/types.h>
| #endif
| #ifdef HAVE_SYS_STAT_H
| # include <sys/stat.h>
| #endif
| #ifdef STDC_HEADERS
| # include <stdlib.h>
| # include <stddef.h>
| #else
| # ifdef HAVE_STDLIB_H
| #  include <stdlib.h>
| # endif
| #endif
| #ifdef HAVE_STRING_H
| # if !defined STDC_HEADERS && defined HAVE_MEMORY_H
| #  include <memory.h>
| # endif
| # include <string.h>
| #endif
| #ifdef HAVE_STRINGS_H
| # include <strings.h>
| #endif
| #ifdef HAVE_INTTYPES_H
| # include <inttypes.h>
| #endif
| #ifdef HAVE_STDINT_H
| # include <stdint.h>
| #endif
| #ifdef HAVE_UNISTD_H
| # include <unistd.h>
| #endif
| int
| main ()
| {
| if (sizeof ((size_t)))
| 	    return 0;
|   ;
|   return 0;
| }
configure:4531: result: yes
configure:4542: checking for ssize_t
configure:4542: gcc -c -g -O2  conftest.c >&5
configure:4542: $? = 0
configure:4542: gcc -c -g -O2  conftest.c >&5
conftest.c: In function 'main':
conftest.c:80:22: error: expected expression before ')' token
 if (sizeof ((ssize_t)))
                      ^
configure:4542: $? = 1
configure: failed program was:
| /* confdefs.h */
| #define PACKAGE_NAME "misaka"
| #define PACKAGE_TARNAME "misaka"
| #define PACKAGE_VERSION "0.1"
| #define PACKAGE_STRING "misaka 0.1"
| #define PACKAGE_BUGREPORT "www.lancelot.top"
| #define PACKAGE_URL ""
| #define PACKAGE "misaka"
| #define VERSION "0.1"
| #define HAVE_LIBEV 1
| #define HAVE_LIBM 1
| #define HAVE_LIBPTHREAD 1
| #define STDC_HEADERS 1
| #define HAVE_SYS_TYPES_H 1
| #define HAVE_SYS_STAT_H 1
| #define HAVE_STDLIB_H 1
| #define HAVE_STRING_H 1
| #define HAVE_MEMORY_H 1
| #define HAVE_STRINGS_H 1
| #define HAVE_INTTYPES_H 1
| #define HAVE_STDINT_H 1
| #define HAVE_UNISTD_H 1
| #define HAVE_ARPA_INET_H 1
| #define HAVE_FCNTL_H 1
| #define HAVE_INTTYPES_H 1
| #define HAVE_LIMITS_H 1
| #define HAVE_NETDB_H 1
| #define HAVE_NETINET_IN_H 1
| #define HAVE_PATHS_H 1
| #define HAVE_STDDEF_H 1
| #define HAVE_STDINT_H 1
| #define HAVE_STDLIB_H 1
| #define HAVE_STRING_H 1
| #define HAVE_STRINGS_H 1
| #define HAVE_SYS_IOCTL_H 1
| #define HAVE_SYS_MOUNT_H 1
| #define HAVE_SYS_PARAM_H 1
| #define HAVE_SYS_SOCKET_H 1
| #define HAVE_SYS_TIME_H 1
| #define HAVE_SYSLOG_H 1
| #define HAVE_TERMIOS_H 1
| #define HAVE_UNISTD_H 1
| /* end confdefs.h.  */
| #include <stdio.h>
| #ifdef HAVE_SYS_TYPES_H
| # include <sys/types.h>
| #endif
| #ifdef HAVE_SYS_STAT_H
| # include <sys/stat.h>
| #endif
| #ifdef STDC_HEADERS
| # include <stdlib.h>
| # include <stddef.h>
| #else
| # ifdef HAVE_STDLIB_H
| #  include <stdlib.h>
| # endif
| #endif
| #ifdef HAVE_STRING_H
| # if !defined STDC_HEADERS && defined HAVE_MEMORY_H
| #  include <memory.h>
| # endif
| # include <string.h>
| #endif
| #ifdef HAVE_STRINGS_H
| # include <strings.h>
| #endif
| #ifdef HAVE_INTTYPES_H
| # include <inttypes.h>
| #endif
| #ifdef HAVE_STDINT_H
| # include <stdint.h>
| #endif
| #ifdef HAVE_UNISTD_H
| # include <unistd.h>
| #endif
| int
| main ()
| {
| if (sizeof ((ssize_t)))
| 	    return 0;
|   ;
|   return 0;
| }
configure:4542: result: yes
configure:4557: checking vfork.h usability
configure:4557: gcc -c -g -O2  conftest.c >&5
conftest.c:77:19: fatal error: vfork.h: No such file or directory
 #include <vfork.h>
                   ^
compilation terminated.
configure:4557: $? = 1
configure: failed program was:
| /* confdefs.h */
| #define PACKAGE_NAME "misaka"
| #define PACKAGE_TARNAME "misaka"
| #define PACKAGE_VERSION "0.1"
| #define PACKAGE_STRING "misaka 0.1"
| #define PACKAGE_BUGREPORT "www.lancelot.top"
| #define PACKAGE_URL ""
| #define PACKAGE "misaka"
| #define VERSION "0.1"
| #define HAVE_LIBEV 1
| #define HAVE_LIBM 1
| #define HAVE_LIBPTHREAD 1
| #define STDC_HEADERS 1
| #define HAVE_SYS_TYPES_H 1
| #define HAVE_SYS_STAT_H 1
| #define HAVE_STDLIB_H 1
| #define HAVE_STRING_H 1
| #define HAVE_MEMORY_H 1
| #define HAVE_STRINGS_H 1
| #define HAVE_INTTYPES_H 1
| #define HAVE_STDINT_H 1
| #define HAVE_UNISTD_H 1
| #define HAVE_ARPA_INET_H 1
| #define HAVE_FCNTL_H 1
| #define HAVE_INTTYPES_H 1
| #define HAVE_LIMITS_H 1
| #define HAVE_NETDB_H 1
| #define HAVE_NETINET_IN_H 1
| #define HAVE_PATHS_H 1
| #define HAVE_STDDEF_H 1
| #define HAVE_STDINT_H 1
| #define HAVE_STDLIB_H 1
| #define HAVE_STRING_H 1
| #define HAVE_STRINGS_H 1
| #define HAVE_SYS_IOCTL_H 1
| #define HAVE_SYS_MOUNT_H 1
| #define HAVE_SYS_PARAM_H 1
| #define HAVE_SYS_SOCKET_H 1
| #define HAVE_SYS_TIME_H 1
| #define HAVE_SYSLOG_H 1
| #define HAVE_TERMIOS_H 1
| #define HAVE_UNISTD_H 1
| /* end confdefs.h.  */
| #include <stdio.h>
| #ifdef HAVE_SYS_TYPES_H
| # include <sys/types.h>
| #endif
| #ifdef HAVE_SYS_STAT_H
| # include <sys/stat.h>
| #endif
| #ifdef STDC_HEADERS
| # include <stdlib.h>
| # include <stddef.h>
| #else
| # ifdef HAVE_STDLIB_H
| #  include <stdlib.h>
| # endif
| #endif
| #ifdef HAVE_STRING_H
| # if !defined STDC_HEADERS && defined HAVE_MEMORY_H
| #  include <memory.h>
| # endif
| # include <string.h>
| #endif
| #ifdef HAVE_STRINGS_H
| # include <strings.h>
| #endif
| #ifdef HAVE_INTTYPES_H
| # include <inttypes.h>
| #endif
| #ifdef HAVE_STDINT_H
| # include <stdint.h>
| #endif
| #ifdef HAVE_UNISTD_H
| # include <unistd.h>
| #endif
| #include <vfork.h>
configure:4557: result: no
configure:4557: checking vfork.h presence
configure:4557: gcc -E  conftest.c
conftest.c:44:19: fatal error: vfork.h: No such file or directory
 #include <vfork.h>
                   ^
compilation terminated.
configure:4557: $? = 1
configure: failed program was:
| /* confdefs.h */
| #define PACKAGE_NAME "misaka"
| #define PACKAGE_TARNAME "misaka"
| #define PACKAGE_VERSION "0.1"
| #define PACKAGE_STRING "misaka 0.1"
| #define PACKAGE_BUGREPORT "www.lancelot.top"
| #define PACKAGE_URL ""
| #define PACKAGE "misaka"
| #define VERSION "0.1"
| #define HAVE_LIBEV 1
| #define HAVE_LIBM 1
| #define HAVE_LIBPTHREAD 1
| #define STDC_HEADERS 1
| #define HAVE_SYS_TYPES_H 1
| #define HAVE_SYS_STAT_H 1
| #define HAVE_STDLIB_H 1
| #define HAVE_STRING_H 1
| #define HAVE_MEMORY_H 1
| #define HAVE_STRINGS_H 1
| #define HAVE_INTTYPES_H 1
| #define HAVE_STDINT_H 1
| #define HAVE_UNISTD_H 1
| #define HAVE_ARPA_INET_H 1
| #define HAVE_FCNTL_H 1
| #define HAVE_INTTYPES_H 1
| #define HAVE_LIMITS_H 1
| #define HAVE_NETDB_H 1
| #define HAVE_NETINET_IN_H 1
| #define HAVE_PATHS_H 1
| #define HAVE_STDDEF_H 1
| #define HAVE_STDINT_H 1
| #define HAVE_STDLIB_H 1
| #define HAVE_STRING_H 1
| #define HAVE_STRINGS_H 1
| #define HAVE_SYS_IOCTL_H 1
| #define HAVE_SYS_MOUNT_H 1
| #define HAVE_SYS_PARAM_H 1
| #define HAVE_SYS_SOCKET_H 1
| #define HAVE_SYS_TIME_H 1
| #define HAVE_SYSLOG_H 1
| #define HAVE_TERMIOS_H 1
| #define HAVE_UNISTD_H 1
| /* end confdefs.h.  */
| #include <vfork.h>
configure:4557: result: no
configure:4557: checking for vfork.h
configure:4557: result: no
configure:4570: checking for fork
configure:4570: gcc -o conftest -g -O2   conftest.c -lpthread -lm -lev  >&5
conftest.c:67:6: warning: conflicting types for built-in function 'fork' [enabled by default]
 char fork ();
      ^
configure:4570: $? = 0
configure:4570: result: yes
configure:4570: checking for vfork
configure:4570: gcc -o conftest -g -O2   conftest.c -lpthread -lm -lev  >&5
configure:4570: $? = 0
configure:4570: result: yes
configure:4580: checking for working fork
configure:4602: gcc -o conftest -g -O2   conftest.c -lpthread -lm -lev  >&5
configure:4602: $? = 0
configure:4602: ./conftest
configure:4602: $? = 0
configure:4612: result: yes
configure:4633: checking for working vfork
configure:4743: result: yes
configure:4770: checking for stdlib.h
configure:4770: result: yes
configure:4780: checking for GNU libc compatible malloc
configure:4804: gcc -o conftest -g -O2   conftest.c -lpthread -lm -lev  >&5
configure:4804: $? = 0
configure:4804: ./conftest
configure:4804: $? = 0
configure:4814: result: yes
configure:4837: checking for stdlib.h
configure:4837: result: yes
configure:4847: checking for GNU libc compatible realloc
configure:4871: gcc -o conftest -g -O2   conftest.c -lpthread -lm -lev  >&5
configure:4871: $? = 0
configure:4871: ./conftest
configure:4871: $? = 0
configure:4881: result: yes
configure:4905: checking for alarm
configure:4905: gcc -o conftest -g -O2   conftest.c -lpthread -lm -lev  >&5
configure:4905: $? = 0
configure:4905: result: yes
configure:4905: checking for dup2
configure:4905: gcc -o conftest -g -O2   conftest.c -lpthread -lm -lev  >&5
configure:4905: $? = 0
configure:4905: result: yes
configure:4905: checking for gettimeofday
configure:4905: gcc -o conftest -g -O2   conftest.c -lpthread -lm -lev  >&5
configure:4905: $? = 0
configure:4905: result: yes
configure:4905: checking for inet_ntoa
configure:4905: gcc -o conftest -g -O2   conftest.c -lpthread -lm -lev  >&5
configure:4905: $? = 0
configure:4905: result: yes
configure:4905: checking for memset
configure:4905: gcc -o conftest -g -O2   conftest.c -lpthread -lm -lev  >&5
conftest.c:79:6: warning: conflicting types for built-in function 'memset' [enabled by default]
 char memset ();
      ^
configure:4905: $? = 0
configure:4905: result: yes
configure:4905: checking for setenv
configure:4905: gcc -o conftest -g -O2   conftest.c -lpthread -lm -lev  >&5
configure:4905: $? = 0
configure:4905: result: yes
configure:4905: checking for socket
configure:4905: gcc -o conftest -g -O2   conftest.c -lpthread -lm -lev  >&5
configure:4905: $? = 0
configure:4905: result: yes
configure:4905: checking for strchr
configure:4905: gcc -o conftest -g -O2   conftest.c -lpthread -lm -lev  >&5
conftest.c:82:6: warning: conflicting types for built-in function 'strchr' [enabled by default]
 char strchr ();
      ^
configure:4905: $? = 0
configure:4905: result: yes
configure:4905: checking for strerror
configure:4905: gcc -o conftest -g -O2   conftest.c -lpthread -lm -lev  >&5
configure:4905: $? = 0
configure:4905: result: yes
configure:4905: checking for strrchr
configure:4905: gcc -o conftest -g -O2   conftest.c -lpthread -lm -lev  >&5
conftest.c:84:6: warning: conflicting types for built-in function 'strrchr' [enabled by default]
 char strrchr ();
      ^
configure:4905: $? = 0
configure:4905: result: yes
configure:4905: checking for strstr
configure:4905: gcc -o conftest -g -O2   conftest.c -lpthread -lm -lev  >&5
conftest.c:85:6: warning: conflicting types for built-in function 'strstr' [enabled by default]
 char strstr ();
      ^
configure:4905: $? = 0
configure:4905: result: yes
configure:4905: checking for strtol
configure:4905: gcc -o conftest -g -O2   conftest.c -lpthread -lm -lev  >&5
configure:4905: $? = 0
configure:4905: result: yes
configure:5026: checking that generated files are newer than configure
configure:5032: result: done
configure:5055: creating ./config.status

## ---------------------- ##
## Running config.status. ##
## ---------------------- ##

This file was extended by misaka config.status 0.1, which was
generated by GNU Autoconf 2.69.  Invocation command line was

  CONFIG_FILES    = 
  CONFIG_HEADERS  = 
  CONFIG_LINKS    = 
  CONFIG_COMMANDS = 
  $ ./config.status 

on VM-214-119-ubuntu

config.status:901: creating Makefile
config.status:901: creating src/Makefile
config.status:901: creating lib/Makefile
config.status:901: creating task/Makefile
config.status:901: creating src/echo/Makefile
config.status:901: creating link/Makefile
config.status:901: creating config.h
config.status:1082: config.h is unchanged
config.status:1130: executing depfiles commands

## ---------------- ##
## Cache variables. ##
## ---------------- ##

ac_cv_c_compiler_gnu=yes
ac_cv_c_inline=inline
ac_cv_env_CC_set=
ac_cv_env_CC_value=
ac_cv_env_CFLAGS_set=
ac_cv_env_CFLAGS_value=
ac_cv_env_CPPFLAGS_set=
ac_cv_env_CPPFLAGS_value=
ac_cv_env_CPP_set=
ac_cv_env_CPP_value=
ac_cv_env_LDFLAGS_set=
ac_cv_env_LDFLAGS_value=
ac_cv_env_LIBS_set=
ac_cv_env_LIBS_value=
ac_cv_env_build_alias_set=
ac_cv_env_build_alias_value=
ac_cv_env_host_alias_set=
ac_cv_env_host_alias_value=
ac_cv_env_target_alias_set=
ac_cv_env_target_alias_value=
ac_cv_func_alarm=yes
ac_cv_func_dup2=yes
ac_cv_func_fork=yes
ac_cv_func_fork_works=yes
ac_cv_func_gettimeofday=yes
ac_cv_func_inet_ntoa=yes
ac_cv_func_malloc_0_nonnull=yes
ac_cv_func_memset=yes
ac_cv_func_realloc_0_nonnull=yes
ac_cv_func_setenv=yes
ac_cv_func_socket=yes
ac_cv_func_strchr=yes
ac_cv_func_strerror=yes
ac_cv_func_strrchr=yes
ac_cv_func_strstr=yes
ac_cv_func_strtol=yes
ac_cv_func_vfork=yes
ac_cv_func_vfork_works=yes
ac_cv_header_arpa_inet_h=yes
ac_cv_header_fcntl_h=yes
ac_cv_header_inttypes_h=yes
ac_cv_header_limits_h=yes
ac_cv_header_memory_h=yes
ac_cv_header_netdb_h=yes
ac_cv_header_netinet_in_h=yes
ac_cv_header_paths_h=yes
ac_cv_header_stdc=yes
ac_cv_header_stddef_h=yes
ac_cv_header_stdint_h=yes
ac_cv_header_stdlib_h=yes
ac_cv_header_string_h=yes
ac_cv_header_strings_h=yes
ac_cv_header_sys_ioctl_h=yes
ac_cv_header_sys_mount_h=yes
ac_cv_header_sys_param_h=yes
ac_cv_header_sys_socket_h=yes
ac_cv_header_sys_stat_h=yes
ac_cv_header_sys_time_h=yes
ac_cv_header_sys_types_h=yes
ac_cv_header_syslog_h=yes
ac_cv_header_termios_h=yes
ac_cv_header_unistd_h=yes
ac_cv_header_vfork_h=no
ac_cv_lib_ev_main=yes
ac_cv_lib_m_main=yes
ac_cv_lib_pthread_main=yes
ac_cv_objext=o
ac_cv_path_EGREP='/bin/grep -E'
ac_cv_path_GREP=/bin/grep
ac_cv_path_install='/usr/bin/install -c'
ac_cv_path_mkdir=/bin/mkdir
ac_cv_prog_AWK=gawk
ac_cv_prog_CPP='gcc -E'
ac_cv_prog_ac_ct_CC=gcc
ac_cv_prog_ac_ct_RANLIB=ranlib
ac_cv_prog_cc_c89=
ac_cv_prog_cc_g=yes
ac_cv_prog_make_make_set=yes
ac_cv_type_pid_t=yes
ac_cv_type_size_t=yes
ac_cv_type_ssize_t=yes
am_cv_CC_dependencies_compiler_type=gcc3
am_cv_make_support_nested_variables=yes
am_cv_prog_cc_c_o=yes

## ----------------- ##
## Output variables. ##
## ----------------- ##

ACLOCAL='${SHELL} /home/ubuntu/project/misaka/misaka/missing aclocal-1.14'
AMDEPBACKSLASH='\'
AMDEP_FALSE='#'
AMDEP_TRUE=''
AMTAR='$${TAR-tar}'
AM_BACKSLASH='\'
AM_DEFAULT_V='$(AM_DEFAULT_VERBOSITY)'
AM_DEFAULT_VERBOSITY='1'
AM_V='$(V)'
AUTOCONF='${SHELL} /home/ubuntu/project/misaka/misaka/missing autoconf'
AUTOHEADER='${SHELL} /home/ubuntu/project/misaka/misaka/missing autoheader'
AUTOMAKE='${SHELL} /home/ubuntu/project/misaka/misaka/missing automake-1.14'
AWK='gawk'
CC='gcc'
CCDEPMODE='depmode=gcc3'
CFLAGS='-g -O2'
CPP='gcc -E'
CPPFLAGS=''
CYGPATH_W='echo'
DEFS='-DHAVE_CONFIG_H'
DEPDIR='.deps'
ECHO_C=''
ECHO_N='-n'
ECHO_T=''
EGREP='/bin/grep -E'
EXEEXT=''
GREP='/bin/grep'
INSTALL_DATA='${INSTALL} -m 644'
INSTALL_PROGRAM='${INSTALL}'
INSTALL_SCRIPT='${INSTALL}'
INSTALL_STRIP_PROGRAM='$(install_sh) -c -s'
LDFLAGS=''
LIBOBJS=''
LIBS='-lpthread -lm -lev '
LTLIBOBJS=''
MAKEINFO='${SHELL} /home/ubuntu/project/misaka/misaka/missing makeinfo'
MKDIR_P='/bin/mkdir -p'
OBJEXT='o'
PACKAGE='misaka'
PACKAGE_BUGREPORT='www.lancelot.top'
PACKAGE_NAME='misaka'
PACKAGE_STRING='misaka 0.1'
PACKAGE_TARNAME='misaka'
PACKAGE_URL=''
PACKAGE_VERSION='0.1'
PATH_SEPARATOR=':'
RANLIB='ranlib'
SET_MAKE=''
SHELL='/bin/bash'
STRIP=''
VERSION='0.1'
ac_ct_CC='gcc'
am__EXEEXT_FALSE=''
am__EXEEXT_TRUE='#'
am__fastdepCC_FALSE='#'
am__fastdepCC_TRUE=''
am__include='include'
am__isrc=''
am__leading_dot='.'
am__nodep='_no'
am__quote=''
am__tar='$${TAR-tar} chof - "$$tardir"'
am__untar='$${TAR-tar} xf -'
bindir='${exec_prefix}/bin'
build_alias=''
datadir='${datarootdir}'
datarootdir='${prefix}/share'
docdir='${datarootdir}/doc/${PACKAGE_TARNAME}'
dvidir='${docdir}'
exec_prefix='${prefix}'
host_alias=''
htmldir='${docdir}'
includedir='${prefix}/include'
infodir='${datarootdir}/info'
install_sh='${SHELL} /home/ubuntu/project/misaka/misaka/install-sh'
libdir='${exec_prefix}/lib'
libexecdir='${exec_prefix}/libexec'
localedir='${datarootdir}/locale'
localstatedir='${prefix}/var'
mandir='${datarootdir}/man'
mkdir_p='$(MKDIR_P)'
oldincludedir='/usr/include'
pdfdir='${docdir}'
prefix='/usr/local'
program_transform_name='s,x,x,'
psdir='${docdir}'
sbindir='${exec_prefix}/sbin'
sharedstatedir='${prefix}/com'
sysconfdir='${prefix}/etc'
target_alias=''

## ----------- ##
## confdefs.h. ##
## ----------- ##

/* confdefs.h */
#define PACKAGE_NAME "misaka"
#define PACKAGE_TARNAME "misaka"
#define PACKAGE_VERSION "0.1"
#define PACKAGE_STRING "misaka 0.1"
#define PACKAGE_BUGREPORT "www.lancelot.top"
#define PACKAGE_URL ""
#define PACKAGE "misaka"
#define VERSION "0.1"
#define HAVE_LIBEV 1
#define HAVE_LIBM 1
#define HAVE_LIBPTHREAD 1
#define STDC_HEADERS 1
#define HAVE_SYS_TYPES_H 1
#define HAVE_SYS_STAT_H 1
#define HAVE_STDLIB_H 1
#define HAVE_STRING_H 1
#define HAVE_MEMORY_H 1
#define HAVE_STRINGS_H 1
#define HAVE_INTTYPES_H 1
#define HAVE_STDINT_H 1
#define HAVE_UNISTD_H 1
#define HAVE_ARPA_INET_H 1
#define HAVE_FCNTL_H 1
#define HAVE_INTTYPES_H 1
#define HAVE_LIMITS_H 1
#define HAVE_NETDB_H 1
#define HAVE_NETINET_IN_H 1
#define HAVE_PATHS_H 1
#define HAVE_STDDEF_H 1
#define HAVE_STDINT_H 1
#define HAVE_STDLIB_H 1
#define HAVE_STRING_H 1
#define HAVE_STRINGS_H 1
#define HAVE_SYS_IOCTL_H 1
#define HAVE_SYS_MOUNT_H 1
#define HAVE_SYS_PARAM_H 1
#define HAVE_SYS_SOCKET_H 1
#define HAVE_SYS_TIME_H 1
#define HAVE_SYSLOG_H 1
#define HAVE_TERMIOS_H 1
#define HAVE_UNISTD_H 1
#define HAVE_FORK 1
#define HAVE_VFORK 1
#define HAVE_WORKING_VFORK 1
#define HAVE_WORKING_FORK 1
#define HAVE_STDLIB_H 1
#define HAVE_MALLOC 1
#define HAVE_STDLIB_H 1
#define HAVE_REALLOC 1
#define HAVE_ALARM 1
#define HAVE_DUP2 1
#define HAVE_GETTIMEOFDAY 1
#define HAVE_INET_NTOA 1
#define HAVE_MEMSET 1
#define HAVE_SETENV 1
#define HAVE_SOCKET 1
#define HAVE_STRCHR 1
#define HAVE_STRERROR 1
#define HAVE_STRRCHR 1
#define HAVE_STRSTR 1
#define HAVE_STRTOL 1

configure: exit 0

## ---------------------- ##
## Running config.status. ##
## ---------------------- ##

This file was extended by misaka config.status 0.1, which was
generated by GNU Autoconf 2.69.  Invocation command line was

  CONFIG_FILES    = 
  CONFIG_HEADERS  = 
  CONFIG_LINKS    = 
  CONFIG_COMMANDS = 
  $ ./config.status config.h

on VM-214-119-ubuntu

config.status:901: creating config.h
config.status:1082: config.h is unchanged
